<?xml version="1.0" encoding="UTF-8"?>
<!-- Generated by org.testng.reporters.JUnitReportReporter -->
<testsuite hostname="Maddy.local" failures="0" tests="1" name="com.tests.HomePageTest2" time="8.713" errors="0" timestamp="12 Mar 2018 07:39:14 GMT" skipped="0">
  <testcase classname="com.tests.HomePageTest2" name="loginTest" time="8.713"/>
</testsuite> <!-- com.tests.HomePageTest2 -->
